Sun Mar 06 13:28:40 EET 2022 : Apache Derby Network Server - 10.11.1.2 - (1629631) started and ready to accept connections on port 1527
----------------------------------------------------------------
Sun Mar 06 13:28:52 EET 2022:
Booting Derby version The Apache Software Foundation - Apache Derby - 10.11.1.2 - (1629631): instance a816c00e-017f-5efc-f94e-00001bb93477 
on database directory C:\Users\Manolis\Documents\NetBeansProjects\plh24_ge3\database\JOKER with class loader sun.misc.Launcher$AppClassLoader@6f94fa3e 
Loaded from file:/C:/Program%20Files/Java/jdk1.8.0_111/db/lib/derby.jar
java.vendor=Oracle Corporation
java.runtime.version=1.8.0_111-b14
user.dir=C:\Program Files\Java\jdk1.8.0_111\db
os.name=Windows 10
os.arch=amd64
os.version=10.0
derby.system.home=C:\Users\Manolis\Documents\NetBeansProjects\plh24_ge3\database
Database Class Loader started - derby.database.classpath=''
----------------------------------------------------------------
Sun Mar 06 15:40:23 EET 2022: Shutting down Derby engine
----------------------------------------------------------------
Sun Mar 06 15:40:23 EET 2022:
Shutting down instance a816c00e-017f-5efc-f94e-00001bb93477 on database directory C:\Users\Manolis\Documents\NetBeansProjects\plh24_ge3\database\JOKER with class loader sun.misc.Launcher$AppClassLoader@6f94fa3e 
----------------------------------------------------------------
